1304 [JavaFX Application Thread] INFO  o.b.f.l.controllers.LoginController - LoginController initialized
7491 [JavaFX Application Thread] INFO  o.b.f.l.c.LibraryPageController - LibraryPageController initialized
9040 [JavaFX Application Thread] INFO  o.b.f.l.c.LibraryPageController - LibraryDetailedViewController initialized
10973 [JavaFX Application Thread] INFO  o.b.f.l.c.LibraryAddBookController - LibraryAddBookController initialized
58224 [JavaFX Application Thread] INFO  o.b.f.l.c.LibraryUpdateController - LibraryUpdateController initialized
71581 [JavaFX Application Thread] INFO  o.b.f.l.c.LibraryFilterController - LibraryFilterController initialized
79465 [JavaFX Application Thread] INFO  o.b.f.l.c.LibraryFilterController - LibraryFilterController initialized
83407 [JavaFX Application Thread] INFO  o.b.f.l.c.LibraryFilterController - LibraryFilterController initialized
91980 [JavaFX Application Thread] INFO  o.b.f.l.c.LibraryFilterController - LibraryFilterController initialized
99185 [JavaFX Application Thread] INFO  o.b.f.l.c.LibraryFilterController - LibraryFilterController initialized
101455 [JavaFX Application Thread] INFO  o.b.f.l.c.LibraryInjectionController - LibraryInjectionController initialized
1333 [JavaFX Application Thread] INFO  o.b.f.l.controllers.LoginController - LoginController initialized
8969 [JavaFX Application Thread] INFO  o.b.f.l.c.LibraryPageController - LibraryPageController initialized
12098 [JavaFX Application Thread] INFO  o.b.f.l.c.LibraryPageController - LibraryDetailedViewController initialized
16975 [JavaFX Application Thread] INFO  o.b.f.l.c.LibraryAddBookController - LibraryAddBookController initialized
41651 [JavaFX Application Thread] INFO  o.b.f.l.c.LibraryFilterController - LibraryFilterController initialized
1308 [JavaFX Application Thread] INFO  o.b.f.l.controllers.LoginController - LoginController initialized
74285 [JavaFX Application Thread] INFO  o.b.f.l.c.LibraryPageController - LibraryPageController initialized
180739 [JavaFX Application Thread] INFO  o.b.f.l.c.LibraryPageController - LibraryDetailedViewController initialized
218026 [JavaFX Application Thread] INFO  o.b.f.l.c.LibraryPageController - LibraryDetailedViewController initialized
262936 [JavaFX Application Thread] INFO  o.b.f.l.c.LibraryFilterController - LibraryFilterController initialized
271501 [JavaFX Application Thread] INFO  o.b.f.l.c.LibraryFilterController - LibraryFilterController initialized
311655 [JavaFX Application Thread] INFO  o.b.f.l.c.LibraryAddBookController - LibraryAddBookController initialized
344921 [JavaFX Application Thread] INFO  o.b.f.l.c.LibraryInjectionController - LibraryInjectionController initialized
1553 [JavaFX Application Thread] INFO  o.b.f.l.controllers.LoginController - LoginController initialized
13558 [JavaFX Application Thread] INFO  o.b.f.l.c.LibraryPageController - LibraryPageController initialized
15815 [JavaFX Application Thread] INFO  o.b.f.l.c.LibraryUpdateController - LibraryUpdateController initialized
21797 [JavaFX Application Thread] INFO  o.b.f.l.c.LibraryUpdateController - LibraryUpdateController initialized
26030 [JavaFX Application Thread] INFO  o.b.f.l.c.LibraryUpdateController - LibraryUpdateController initialized
1666 [JavaFX Application Thread] INFO  o.b.f.l.controllers.LoginController - LoginController initialized
9877 [JavaFX Application Thread] INFO  o.b.f.l.c.LibraryPageController - LibraryPageController initialized
11705 [JavaFX Application Thread] INFO  o.b.f.l.c.LibraryUpdateController - LibraryUpdateController initialized
1540 [JavaFX Application Thread] INFO  o.b.f.l.controllers.LoginController - LoginController initialized
1612 [JavaFX Application Thread] INFO  o.b.f.l.controllers.LoginController - LoginController initialized
7550 [JavaFX Application Thread] INFO  o.b.f.l.c.LibraryPageController - LibraryPageController initialized
9626 [JavaFX Application Thread] INFO  o.b.f.l.c.LibraryUpdateController - LibraryUpdateController initialized
1565 [JavaFX Application Thread] INFO  o.b.f.l.controllers.LoginController - LoginController initialized
12257 [JavaFX Application Thread] INFO  o.b.f.l.c.LibraryPageController - LibraryPageController initialized
14518 [JavaFX Application Thread] INFO  o.b.f.l.c.LibraryUpdateController - LibraryUpdateController initialized
