1721 [JavaFX Application Thread] INFO  o.b.f.l.controllers.LoginController - LoginController initialized
20661 [JavaFX Application Thread] INFO  o.b.f.l.c.LibraryPageController - LibraryPageController initialized
24544 [JavaFX Application Thread] INFO  o.b.f.l.c.LibraryUpdateController - LibraryUpdateController initialized
1286 [JavaFX Application Thread] INFO  o.b.f.l.controllers.LoginController - LoginController initialized
10430 [JavaFX Application Thread] INFO  o.b.f.l.c.LibraryPageController - LibraryPageController initialized
12738 [JavaFX Application Thread] INFO  o.b.f.l.c.LibraryUpdateController - LibraryUpdateController initialized
19617 [JavaFX Application Thread] INFO  o.b.f.l.c.LibraryUpdateController - LibraryUpdateController initialized
22357 [JavaFX Application Thread] INFO  o.b.f.l.c.LibraryUpdateController - LibraryUpdateController initialized
25393 [JavaFX Application Thread] INFO  o.b.f.l.c.LibraryAddBookController - LibraryAddBookController initialized
1296 [JavaFX Application Thread] INFO  o.b.f.l.controllers.LoginController - LoginController initialized
7999 [JavaFX Application Thread] INFO  o.b.f.l.c.LibraryPageController - LibraryPageController initialized
22726 [JavaFX Application Thread] INFO  o.b.f.l.c.LibraryUpdateController - LibraryUpdateController initialized
113774 [JavaFX Application Thread] INFO  o.b.f.l.c.LibraryAddBookController - LibraryAddBookController initialized
156083 [JavaFX Application Thread] INFO  o.b.f.l.c.LibraryAddBookController - LibraryAddBookController initialized
1383 [JavaFX Application Thread] INFO  o.b.f.l.controllers.LoginController - LoginController initialized
7961 [JavaFX Application Thread] INFO  o.b.f.l.c.LibraryPageController - LibraryPageController initialized
10310 [JavaFX Application Thread] INFO  o.b.f.l.c.LibraryAddBookController - LibraryAddBookController initialized
1268 [JavaFX Application Thread] INFO  o.b.f.l.controllers.LoginController - LoginController initialized
19414 [JavaFX Application Thread] INFO  o.b.f.l.c.LibraryPageController - LibraryPageController initialized
24357 [JavaFX Application Thread] INFO  o.b.f.l.c.LibraryUpdateController - LibraryUpdateController initialized
35376 [JavaFX Application Thread] INFO  o.b.f.l.c.LibraryPageController - LibraryDetailedViewController initialized
38457 [JavaFX Application Thread] INFO  o.b.f.l.c.LibraryAddBookController - LibraryAddBookController initialized
58983 [JavaFX Application Thread] INFO  o.b.f.l.c.LibraryInjectionController - LibraryInjectionController initialized
